Initialized native services in: C:\Users\ABDULLAH\.gradle\native
Initialized jansi services in: C:\Users\ABDULLAH\.gradle\native
To honour the JVM settings for this build a single-use Daemon process will be forked. For more on this, please refer to https://docs.gradle.org/8.12/userguide/gradle_daemon.html#sec:disabling_the_daemon in the Gradle documentation.
Received JVM installation metadata from 'C:\Program Files\Java\jdk-17': {JAVA_HOME=C:\Program Files\Java\jdk-17, JAVA_VERSION=17.0.12, JAVA_VENDOR=Oracle Corporation, RUNTIME_NAME=Java(TM) SE Runtime Environment, RUNTIME_VERSION=17.0.12+8-LTS-286, VM_NAME=Java HotSpot(TM) 64-Bit Server VM, VM_VERSION=17.0.12+8-LTS-286, VM_VENDOR=Oracle Corporation, OS_ARCH=amd64}
Starting process 'Gradle build daemon'. Working directory: C:\Users\ABDULLAH\.gradle\daemon\8.12 Command: C:\Program Files\Java\jdk-17\bin\java.exe --add-opens=java.base/java.lang=ALL-UNNAMED --add-opens=java.base/java.lang.invoke=ALL-UNNAMED --add-opens=java.base/java.util=ALL-UNNAMED --add-opens=java.prefs/java.util.prefs=ALL-UNNAMED --add-exports=jdk.compiler/com.sun.tools.javac.api=ALL-UNNAMED --add-exports=jdk.compiler/com.sun.tools.javac.util=ALL-UNNAMED --add-opens=java.base/java.util=ALL-UNNAMED --add-opens=java.prefs/java.util.prefs=ALL-UNNAMED --add-opens=java.base/java.nio.charset=ALL-UNNAMED --add-opens=java.base/java.net=ALL-UNNAMED --add-opens=java.base/java.util.concurrent.atomic=ALL-UNNAMED --add-opens=java.xml/javax.xml.namespace=ALL-UNNAMED -XX:MaxMetaspaceSize=4G -XX:ReservedCodeCacheSize=512m -XX:+HeapDumpOnOutOfMemoryError --enable-native-access=ALL-UNNAMED --add-opens java.base/java.lang=ALL-UNNAMED -Xmx8G -Dfile.encoding=windows-1252 -Duser.country=US -Duser.language=en -Duser.variant -cp C:\Users\ABDULLAH\.gradle\wrapper\dists\gradle-8.12-all\ejduaidbjup3bmmkhw3rie4zb\gradle-8.12\lib\gradle-daemon-main-8.12.jar -javaagent:C:\Users\ABDULLAH\.gradle\wrapper\dists\gradle-8.12-all\ejduaidbjup3bmmkhw3rie4zb\gradle-8.12\lib\agents\gradle-instrumentation-agent-8.12.jar org.gradle.launcher.daemon.bootstrap.GradleDaemon 8.12
Successfully started process 'Gradle build daemon'
An attempt to start the daemon took 9.059 secs.
The client will now receive all logging from the daemon (pid: 9664). The daemon log file: C:\Users\ABDULLAH\.gradle\daemon\8.12\daemon-9664.out.log
Daemon will be stopped at the end of the build 
Using 4 worker leases.
Received JVM installation metadata from 'C:\Program Files\Java\jdk-17': {JAVA_HOME=C:\Program Files\Java\jdk-17, JAVA_VERSION=17.0.12, JAVA_VENDOR=Oracle Corporation, RUNTIME_NAME=Java(TM) SE Runtime Environment, RUNTIME_VERSION=17.0.12+8-LTS-286, VM_NAME=Java HotSpot(TM) 64-Bit Server VM, VM_VERSION=17.0.12+8-LTS-286, VM_VENDOR=Oracle Corporation, OS_ARCH=amd64}
Watching the file system is configured to be enabled if available
Now considering [C:\workspace\speedy_cricket\android] as hierarchies to watch
File system watching is active
Starting Build
Now considering [C:\Users\ABDULLAH\Documents\vs code\flutter\packages\flutter_tools\gradle, C:\workspace\speedy_cricket\android] as hierarchies to watch

> Configure project :gradle
Evaluating project ':gradle' using build file 'C:\Users\ABDULLAH\Documents\vs code\flutter\packages\flutter_tools\gradle\build.gradle.kts'.
Resolved plugin [id: 'org.gradle.java-gradle-plugin']
Resolved plugin [id: 'org.gradle.groovy']
Resolved plugin [id: 'org.gradle.kotlin.kotlin-dsl', version: '5.1.2']
Resolved plugin [id: 'org.jetbrains.kotlin.jvm', version: '1.9.20']
Using Kotlin Gradle Plugin gradle85 variant
kotlin scripting plugin: created the scripting discovery configuration: kotlinScriptDef
kotlin scripting plugin: created the scripting discovery configuration: testKotlinScriptDef
file or directory 'C:\Users\ABDULLAH\Documents\vs code\flutter\packages\flutter_tools\gradle\src\main\java', not found
Resolved plugin [id: 'dev.flutter.flutter-plugin-loader', version: '1.0.0']
Resolved plugin [id: 'com.android.application', version: '8.9.1', apply: false]
Resolved plugin [id: 'org.jetbrains.kotlin.android', version: '2.1.0', apply: false]
Resolve mutations for :gradle:checkKotlinGradlePluginConfigurationErrors (Thread[included builds,5,main]) started.
:gradle:checkKotlinGradlePluginConfigurationErrors (Thread[Execution worker Thread 2,5,main]) started.

> Task :gradle:checkKotlinGradlePluginConfigurationErrors SKIPPED
Skipping task ':gradle:checkKotlinGradlePluginConfigurationErrors' as task onlyIf 'errorDiagnostics are present' is false.
Resolve mutations for :gradle:compileKotlin (Thread[Execution worker Thread 2,5,main]) started.
:gradle:compileKotlin (Thread[included builds,5,main]) started.

> Task :gradle:compileKotlin UP-TO-DATE
Caching disabled for task ':gradle:compileKotlin' because:
  Build cache is disabled
Skipping task ':gradle:compileKotlin' as it is up-to-date.
Resolve mutations for :gradle:compileJava (Thread[included builds,5,main]) started.
:gradle:compileJava (Thread[included builds,5,main]) started.

> Task :gradle:compileJava NO-SOURCE
Skipping task ':gradle:compileJava' as it has no source files and no previous output files.
Resolve mutations for :gradle:compileGroovy (Thread[Execution worker Thread 2,5,main]) started.
:gradle:compileGroovy (Thread[Execution worker Thread 2,5,main]) started.

> Task :gradle:compileGroovy NO-SOURCE
Skipping task ':gradle:compileGroovy' as it has no source files and no previous output files.
Resolve mutations for :gradle:pluginDescriptors (Thread[Execution worker Thread 2,5,main]) started.
:gradle:pluginDescriptors (Thread[Execution worker Thread 2,5,main]) started.

> Task :gradle:pluginDescriptors UP-TO-DATE
Caching disabled for task ':gradle:pluginDescriptors' because:
  Build cache is disabled
  Not worth caching
Skipping task ':gradle:pluginDescriptors' as it is up-to-date.
Resolve mutations for :gradle:processResources (Thread[Execution worker Thread 2,5,main]) started.
:gradle:processResources (Thread[Execution worker Thread 2,5,main]) started.

> Task :gradle:processResources UP-TO-DATE
Caching disabled for task ':gradle:processResources' because:
  Build cache is disabled
  Not worth caching
Skipping task ':gradle:processResources' as it is up-to-date.
Resolve mutations for :gradle:classes (Thread[Execution worker Thread 2,5,main]) started.
:gradle:classes (Thread[Execution worker Thread 2,5,main]) started.

> Task :gradle:classes UP-TO-DATE
Skipping task ':gradle:classes' as it has no actions.
Resolve mutations for :gradle:jar (Thread[Execution worker Thread 2,5,main]) started.
:gradle:jar (Thread[Execution worker Thread 2,5,main]) started.

> Task :gradle:jar UP-TO-DATE
Caching disabled for task ':gradle:jar' because:
  Build cache is disabled
  Not worth caching
Skipping task ':gradle:jar' as it is up-to-date.
Settings evaluated using settings file 'C:\workspace\speedy_cricket\android\settings.gradle.kts'.
Projects loaded. Root project using build file 'C:\workspace\speedy_cricket\android\build.gradle.kts'.
Included projects: [root project 'android', project ':app', project ':google_mobile_ads', project ':url_launcher_android', project ':webview_flutter_android']

> Configure project :
Evaluating root project 'android' using build file 'C:\workspace\speedy_cricket\android\build.gradle.kts'.

> Configure project :app
Evaluating project ':app' using build file 'C:\workspace\speedy_cricket\android\app\build.gradle'.
Resolved plugin [id: 'com.android.application']
Resolved plugin [id: 'kotlin-android']
Resolved plugin [id: 'dev.flutter.flutter-gradle-plugin']
Using default execution profile
Using Kotlin Gradle Plugin gradle85 variant
C/C++: android.ndkVersion from module build.gradle is [27.0.12077973]
C/C++: android.ndkPath from module build.gradle is not set
C/C++: ndk.dir in local.properties is C:\Android\ndk\27.0.12077973\android-ndk-r27d
C/C++: Not considering ANDROID_NDK_HOME because support was removed after deprecation period.
C/C++: sdkFolder is C:\Android

[Incubating] Problems report is available at: file:///C:/workspace/speedy_cricket/android/build/reports/problems/problems-report.html
.\gradlew.bat : 
At line:1 char:132
+ ... t -version ; .\gradlew.bat :app:tasks 
--no-daemon --info 2>&1 | Out-F ...
+                  
~~~~~~~~~~~~~~~~~~~~~~~~~~~~~~~~~~~~~~~~~~~~~~~~
    + CategoryInfo          : NotSpecified: (:St 
   ring) [], RemoteException
    + FullyQualifiedErrorId : NativeCommandError
 
FAILURE: Build failed with an exception.

* Where:
Build file 'C:\workspace\speedy_cricket\android\b
uild.gradle.kts' line: 19

* What went wrong:
A problem occurred configuring project ':app'.
> [CXX1104] NDK from ndk.dir at 
C:\Android\ndk\27.0.12077973\android-ndk-r27d 
had version [27.3.13750724] which disagrees with 
android.ndkVersion [27.0.12077973]

* Try:
> Run with --stacktrace option to get the stack 
trace.
> Run with --debug option to get more log output.
> Run with --scan to get full insights.
> Get more help at https://help.gradle.org.

Deprecated Gradle features were used in this build, making it incompatible with Gradle 9.0.

You can use '--warning-mode all' to show the individual deprecation warnings and determine if they come from your own scripts or plugins.

For more on this, please refer to https://docs.gradle.org/8.12/userguide/command_line_interface.html#sec:command_line_warnings in the Gradle documentation.

BUILD FAILED in 2m 5s
4 actionable tasks: 4 up-to-date
Watched directory hierarchies: [C:\Users\ABDULLAH\Documents\vs code\flutter\packages\flutter_tools\gradle]
